<?xml version="1.0" encoding="UTF-8"?>
<!-- Generated by org.testng.reporters.JUnitReportReporter -->
<testsuite hostname="Akiro-PC" failures="0" tests="5" name="test.CompareFieldsData" time="0.191" errors="0" timestamp="2022-07-13T12:11:45 MSK" skipped="0">
  <testcase classname="test.CompareFieldsData" name="provisioningModelTest" time="0.035"/>
  <system-out/>
  <testcase classname="test.CompareFieldsData" name="commitmentTermTest" time="0.049"/>
  <system-out/>
  <testcase classname="test.CompareFieldsData" name="instanceTypeTest" time="0.038"/>
  <system-out/>
  <testcase classname="test.CompareFieldsData" name="regionTest" time="0.029"/>
  <system-out/>
  <testcase classname="test.CompareFieldsData" name="localSSDTest" time="0.040"/>
  <system-out/>
</testsuite> <!-- test.CompareFieldsData -->
