<?xml version="1.0" encoding="UTF-8"?>
<!-- Generated by org.testng.reporters.JUnitReportReporter -->
<testsuite hostname="Akiro-PC" failures="0" tests="1" name="test.ComparePriceTest" time="0.003" errors="0" timestamp="2022-07-15T13:41:56 MSK" skipped="0">
  <testcase classname="test.ComparePriceTest" name="priceOnCloudGooglePageEqualEmailedPrice" time="0.003"/>
  <system-out/>
</testsuite> <!-- test.ComparePriceTest -->
